2018-06-12 09:43:22 INFO  GovnoSoftApplication:50 - Starting GovnoSoftApplication on EX_MASHINA with PID 2372 (started by Dmitry in F:\ProjectJava\MY tries\GovnoSoft)
2018-06-12 09:43:22 INFO  GovnoSoftApplication:659 - No active profile set, falling back to default profiles: default
2018-06-12 09:43:22 INFO  AnnotationConfigServletWebServerApplicationContext:590 - Refreshing org.springframework.boot.web.servlet.context.AnnotationConfigServletWebServerApplicationContext@77e9807f: startup date [Tue Jun 12 09:43:22 MSK 2018]; root of context hierarchy
2018-06-12 09:43:23 WARN  AnnotationConfigServletWebServerApplicationContext:558 - Exception encountered during context initialization - cancelling refresh attempt: org.springframework.beans.factory.BeanCreationException: Error creating bean with name 'persistenceExceptionTranslationPostProcessor' defined in class path resource [org/springframework/boot/autoconfigure/dao/PersistenceExceptionTranslationAutoConfiguration.class]: Bean instantiation via factory method failed; nested exception is org.springframework.beans.BeanInstantiationException: Failed to instantiate [org.springframework.dao.annotation.PersistenceExceptionTranslationPostProcessor]: Factory method 'persistenceExceptionTranslationPostProcessor' threw exception; nested exception is java.lang.NoSuchMethodError: org.springframework.dao.annotation.PersistenceExceptionTranslationPostProcessor.setProxyTargetClass(Z)V
2018-06-12 09:43:23 INFO  ConditionEvaluationReportLoggingListener:101 - 

Error starting ApplicationContext. To display the conditions report re-run your application with 'debug' enabled.
2018-06-12 09:43:23 ERROR SpringApplication:842 - Application run failed
org.springframework.beans.factory.BeanCreationException: Error creating bean with name 'persistenceExceptionTranslationPostProcessor' defined in class path resource [org/springframework/boot/autoconfigure/dao/PersistenceExceptionTranslationAutoConfiguration.class]: Bean instantiation via factory method failed; nested exception is org.springframework.beans.BeanInstantiationException: Failed to instantiate [org.springframework.dao.annotation.PersistenceExceptionTranslationPostProcessor]: Factory method 'persistenceExceptionTranslationPostProcessor' threw exception; nested exception is java.lang.NoSuchMethodError: org.springframework.dao.annotation.PersistenceExceptionTranslationPostProcessor.setProxyTargetClass(Z)V
	at org.springframework.beans.factory.support.ConstructorResolver.instantiateUsingFactoryMethod(ConstructorResolver.java:587)
	at org.springframework.beans.factory.support.AbstractAutowireCapableBeanFactory.instantiateUsingFactoryMethod(AbstractAutowireCapableBeanFactory.java:1254)
	at org.springframework.beans.factory.support.AbstractAutowireCapableBeanFactory.createBeanInstance(AbstractAutowireCapableBeanFactory.java:1103)
	at org.springframework.beans.factory.support.AbstractAutowireCapableBeanFactory.doCreateBean(AbstractAutowireCapableBeanFactory.java:541)
	at org.springframework.beans.factory.support.AbstractAutowireCapableBeanFactory.createBean(AbstractAutowireCapableBeanFactory.java:501)
	at org.springframework.beans.factory.support.AbstractBeanFactory.lambda$doGetBean$0(AbstractBeanFactory.java:317)
	at org.springframework.beans.factory.support.DefaultSingletonBeanRegistry.getSingleton(DefaultSingletonBeanRegistry.java:228)
	at org.springframework.beans.factory.support.AbstractBeanFactory.doGetBean(AbstractBeanFactory.java:315)
	at org.springframework.beans.factory.support.AbstractBeanFactory.getBean(AbstractBeanFactory.java:204)
	at org.springframework.context.support.PostProcessorRegistrationDelegate.registerBeanPostProcessors(PostProcessorRegistrationDelegate.java:226)
	at org.springframework.context.support.AbstractApplicationContext.registerBeanPostProcessors(AbstractApplicationContext.java:710)
	at org.springframework.context.support.AbstractApplicationContext.refresh(AbstractApplicationContext.java:535)
	at org.springframework.boot.web.servlet.context.ServletWebServerApplicationContext.refresh(ServletWebServerApplicationContext.java:140)
	at org.springframework.boot.SpringApplication.refresh(SpringApplication.java:759)
	at org.springframework.boot.SpringApplication.refreshContext(SpringApplication.java:395)
	at org.springframework.boot.SpringApplication.run(SpringApplication.java:327)
	at org.springframework.boot.SpringApplication.run(SpringApplication.java:1255)
	at org.springframework.boot.SpringApplication.run(SpringApplication.java:1243)
	at com.Dismas.GovnoSoft.GovnoSoftApplication.main(GovnoSoftApplication.java:10)
Caused by: org.springframework.beans.BeanInstantiationException: Failed to instantiate [org.springframework.dao.annotation.PersistenceExceptionTranslationPostProcessor]: Factory method 'persistenceExceptionTranslationPostProcessor' threw exception; nested exception is java.lang.NoSuchMethodError: org.springframework.dao.annotation.PersistenceExceptionTranslationPostProcessor.setProxyTargetClass(Z)V
	at org.springframework.beans.factory.support.SimpleInstantiationStrategy.instantiate(SimpleInstantiationStrategy.java:185)
	at org.springframework.beans.factory.support.ConstructorResolver.instantiateUsingFactoryMethod(ConstructorResolver.java:579)
	... 18 more
Caused by: java.lang.NoSuchMethodError: org.springframework.dao.annotation.PersistenceExceptionTranslationPostProcessor.setProxyTargetClass(Z)V
	at org.springframework.boot.autoconfigure.dao.PersistenceExceptionTranslationAutoConfiguration.persistenceExceptionTranslationPostProcessor(PersistenceExceptionTranslationAutoConfiguration.java:47)
	at sun.reflect.NativeMethodAccessorImpl.invoke0(Native Method)
	at sun.reflect.NativeMethodAccessorImpl.invoke(NativeMethodAccessorImpl.java:62)
	at sun.reflect.DelegatingMethodAccessorImpl.invoke(DelegatingMethodAccessorImpl.java:43)
	at java.lang.reflect.Method.invoke(Method.java:498)
	at org.springframework.beans.factory.support.SimpleInstantiationStrategy.instantiate(SimpleInstantiationStrategy.java:154)
	... 19 more
2018-06-12 09:46:12 INFO  GovnoSoftApplication:50 - Starting GovnoSoftApplication on EX_MASHINA with PID 9972 (started by Dmitry in F:\ProjectJava\MY tries\GovnoSoft)
2018-06-12 09:46:12 INFO  GovnoSoftApplication:659 - No active profile set, falling back to default profiles: default
2018-06-12 09:46:12 INFO  AnnotationConfigServletWebServerApplicationContext:590 - Refreshing org.springframework.boot.web.servlet.context.AnnotationConfigServletWebServerApplicationContext@2b4a2ec7: startup date [Tue Jun 12 09:46:12 MSK 2018]; root of context hierarchy
2018-06-12 09:46:13 WARN  AnnotationConfigServletWebServerApplicationContext:558 - Exception encountered during context initialization - cancelling refresh attempt: org.springframework.beans.factory.BeanCreationException: Error creating bean with name 'persistenceExceptionTranslationPostProcessor' defined in class path resource [org/springframework/boot/autoconfigure/dao/PersistenceExceptionTranslationAutoConfiguration.class]: Bean instantiation via factory method failed; nested exception is org.springframework.beans.BeanInstantiationException: Failed to instantiate [org.springframework.dao.annotation.PersistenceExceptionTranslationPostProcessor]: Factory method 'persistenceExceptionTranslationPostProcessor' threw exception; nested exception is java.lang.NoSuchMethodError: org.springframework.dao.annotation.PersistenceExceptionTranslationPostProcessor.setProxyTargetClass(Z)V
2018-06-12 09:46:13 INFO  ConditionEvaluationReportLoggingListener:101 - 

Error starting ApplicationContext. To display the conditions report re-run your application with 'debug' enabled.
2018-06-12 09:46:13 ERROR SpringApplication:842 - Application run failed
org.springframework.beans.factory.BeanCreationException: Error creating bean with name 'persistenceExceptionTranslationPostProcessor' defined in class path resource [org/springframework/boot/autoconfigure/dao/PersistenceExceptionTranslationAutoConfiguration.class]: Bean instantiation via factory method failed; nested exception is org.springframework.beans.BeanInstantiationException: Failed to instantiate [org.springframework.dao.annotation.PersistenceExceptionTranslationPostProcessor]: Factory method 'persistenceExceptionTranslationPostProcessor' threw exception; nested exception is java.lang.NoSuchMethodError: org.springframework.dao.annotation.PersistenceExceptionTranslationPostProcessor.setProxyTargetClass(Z)V
	at org.springframework.beans.factory.support.ConstructorResolver.instantiateUsingFactoryMethod(ConstructorResolver.java:587)
	at org.springframework.beans.factory.support.AbstractAutowireCapableBeanFactory.instantiateUsingFactoryMethod(AbstractAutowireCapableBeanFactory.java:1254)
	at org.springframework.beans.factory.support.AbstractAutowireCapableBeanFactory.createBeanInstance(AbstractAutowireCapableBeanFactory.java:1103)
	at org.springframework.beans.factory.support.AbstractAutowireCapableBeanFactory.doCreateBean(AbstractAutowireCapableBeanFactory.java:541)
	at org.springframework.beans.factory.support.AbstractAutowireCapableBeanFactory.createBean(AbstractAutowireCapableBeanFactory.java:501)
	at org.springframework.beans.factory.support.AbstractBeanFactory.lambda$doGetBean$0(AbstractBeanFactory.java:317)
	at org.springframework.beans.factory.support.DefaultSingletonBeanRegistry.getSingleton(DefaultSingletonBeanRegistry.java:228)
	at org.springframework.beans.factory.support.AbstractBeanFactory.doGetBean(AbstractBeanFactory.java:315)
	at org.springframework.beans.factory.support.AbstractBeanFactory.getBean(AbstractBeanFactory.java:204)
	at org.springframework.context.support.PostProcessorRegistrationDelegate.registerBeanPostProcessors(PostProcessorRegistrationDelegate.java:226)
	at org.springframework.context.support.AbstractApplicationContext.registerBeanPostProcessors(AbstractApplicationContext.java:710)
	at org.springframework.context.support.AbstractApplicationContext.refresh(AbstractApplicationContext.java:535)
	at org.springframework.boot.web.servlet.context.ServletWebServerApplicationContext.refresh(ServletWebServerApplicationContext.java:140)
	at org.springframework.boot.SpringApplication.refresh(SpringApplication.java:759)
	at org.springframework.boot.SpringApplication.refreshContext(SpringApplication.java:395)
	at org.springframework.boot.SpringApplication.run(SpringApplication.java:327)
	at org.springframework.boot.SpringApplication.run(SpringApplication.java:1255)
	at org.springframework.boot.SpringApplication.run(SpringApplication.java:1243)
	at com.Dismas.GovnoSoft.GovnoSoftApplication.main(GovnoSoftApplication.java:10)
Caused by: org.springframework.beans.BeanInstantiationException: Failed to instantiate [org.springframework.dao.annotation.PersistenceExceptionTranslationPostProcessor]: Factory method 'persistenceExceptionTranslationPostProcessor' threw exception; nested exception is java.lang.NoSuchMethodError: org.springframework.dao.annotation.PersistenceExceptionTranslationPostProcessor.setProxyTargetClass(Z)V
	at org.springframework.beans.factory.support.SimpleInstantiationStrategy.instantiate(SimpleInstantiationStrategy.java:185)
	at org.springframework.beans.factory.support.ConstructorResolver.instantiateUsingFactoryMethod(ConstructorResolver.java:579)
	... 18 more
Caused by: java.lang.NoSuchMethodError: org.springframework.dao.annotation.PersistenceExceptionTranslationPostProcessor.setProxyTargetClass(Z)V
	at org.springframework.boot.autoconfigure.dao.PersistenceExceptionTranslationAutoConfiguration.persistenceExceptionTranslationPostProcessor(PersistenceExceptionTranslationAutoConfiguration.java:47)
	at sun.reflect.NativeMethodAccessorImpl.invoke0(Native Method)
	at sun.reflect.NativeMethodAccessorImpl.invoke(NativeMethodAccessorImpl.java:62)
	at sun.reflect.DelegatingMethodAccessorImpl.invoke(DelegatingMethodAccessorImpl.java:43)
	at java.lang.reflect.Method.invoke(Method.java:498)
	at org.springframework.beans.factory.support.SimpleInstantiationStrategy.instantiate(SimpleInstantiationStrategy.java:154)
	... 19 more
2018-06-12 09:49:55 INFO  GovnoSoftApplication:50 - Starting GovnoSoftApplication on EX_MASHINA with PID 13008 (started by Dmitry in F:\ProjectJava\MY tries\GovnoSoft)
2018-06-12 09:49:55 INFO  GovnoSoftApplication:659 - No active profile set, falling back to default profiles: default
2018-06-12 09:49:55 INFO  AnnotationConfigServletWebServerApplicationContext:590 - Refreshing org.springframework.boot.web.servlet.context.AnnotationConfigServletWebServerApplicationContext@2b4a2ec7: startup date [Tue Jun 12 09:49:55 MSK 2018]; root of context hierarchy
2018-06-12 09:49:56 WARN  AnnotationConfigServletWebServerApplicationContext:558 - Exception encountered during context initialization - cancelling refresh attempt: org.springframework.beans.factory.BeanCreationException: Error creating bean with name 'persistenceExceptionTranslationPostProcessor' defined in class path resource [org/springframework/boot/autoconfigure/dao/PersistenceExceptionTranslationAutoConfiguration.class]: Bean instantiation via factory method failed; nested exception is org.springframework.beans.BeanInstantiationException: Failed to instantiate [org.springframework.dao.annotation.PersistenceExceptionTranslationPostProcessor]: Factory method 'persistenceExceptionTranslationPostProcessor' threw exception; nested exception is java.lang.NoSuchMethodError: org.springframework.dao.annotation.PersistenceExceptionTranslationPostProcessor.setProxyTargetClass(Z)V
2018-06-12 09:49:56 INFO  ConditionEvaluationReportLoggingListener:101 - 

Error starting ApplicationContext. To display the conditions report re-run your application with 'debug' enabled.
2018-06-12 09:49:56 ERROR SpringApplication:842 - Application run failed
org.springframework.beans.factory.BeanCreationException: Error creating bean with name 'persistenceExceptionTranslationPostProcessor' defined in class path resource [org/springframework/boot/autoconfigure/dao/PersistenceExceptionTranslationAutoConfiguration.class]: Bean instantiation via factory method failed; nested exception is org.springframework.beans.BeanInstantiationException: Failed to instantiate [org.springframework.dao.annotation.PersistenceExceptionTranslationPostProcessor]: Factory method 'persistenceExceptionTranslationPostProcessor' threw exception; nested exception is java.lang.NoSuchMethodError: org.springframework.dao.annotation.PersistenceExceptionTranslationPostProcessor.setProxyTargetClass(Z)V
	at org.springframework.beans.factory.support.ConstructorResolver.instantiateUsingFactoryMethod(ConstructorResolver.java:587)
	at org.springframework.beans.factory.support.AbstractAutowireCapableBeanFactory.instantiateUsingFactoryMethod(AbstractAutowireCapableBeanFactory.java:1254)
	at org.springframework.beans.factory.support.AbstractAutowireCapableBeanFactory.createBeanInstance(AbstractAutowireCapableBeanFactory.java:1103)
	at org.springframework.beans.factory.support.AbstractAutowireCapableBeanFactory.doCreateBean(AbstractAutowireCapableBeanFactory.java:541)
	at org.springframework.beans.factory.support.AbstractAutowireCapableBeanFactory.createBean(AbstractAutowireCapableBeanFactory.java:501)
	at org.springframework.beans.factory.support.AbstractBeanFactory.lambda$doGetBean$0(AbstractBeanFactory.java:317)
	at org.springframework.beans.factory.support.DefaultSingletonBeanRegistry.getSingleton(DefaultSingletonBeanRegistry.java:228)
	at org.springframework.beans.factory.support.AbstractBeanFactory.doGetBean(AbstractBeanFactory.java:315)
	at org.springframework.beans.factory.support.AbstractBeanFactory.getBean(AbstractBeanFactory.java:204)
	at org.springframework.context.support.PostProcessorRegistrationDelegate.registerBeanPostProcessors(PostProcessorRegistrationDelegate.java:226)
	at org.springframework.context.support.AbstractApplicationContext.registerBeanPostProcessors(AbstractApplicationContext.java:710)
	at org.springframework.context.support.AbstractApplicationContext.refresh(AbstractApplicationContext.java:535)
	at org.springframework.boot.web.servlet.context.ServletWebServerApplicationContext.refresh(ServletWebServerApplicationContext.java:140)
	at org.springframework.boot.SpringApplication.refresh(SpringApplication.java:759)
	at org.springframework.boot.SpringApplication.refreshContext(SpringApplication.java:395)
	at org.springframework.boot.SpringApplication.run(SpringApplication.java:327)
	at org.springframework.boot.SpringApplication.run(SpringApplication.java:1255)
	at org.springframework.boot.SpringApplication.run(SpringApplication.java:1243)
	at com.Dismas.GovnoSoft.GovnoSoftApplication.main(GovnoSoftApplication.java:10)
Caused by: org.springframework.beans.BeanInstantiationException: Failed to instantiate [org.springframework.dao.annotation.PersistenceExceptionTranslationPostProcessor]: Factory method 'persistenceExceptionTranslationPostProcessor' threw exception; nested exception is java.lang.NoSuchMethodError: org.springframework.dao.annotation.PersistenceExceptionTranslationPostProcessor.setProxyTargetClass(Z)V
	at org.springframework.beans.factory.support.SimpleInstantiationStrategy.instantiate(SimpleInstantiationStrategy.java:185)
	at org.springframework.beans.factory.support.ConstructorResolver.instantiateUsingFactoryMethod(ConstructorResolver.java:579)
	... 18 more
Caused by: java.lang.NoSuchMethodError: org.springframework.dao.annotation.PersistenceExceptionTranslationPostProcessor.setProxyTargetClass(Z)V
	at org.springframework.boot.autoconfigure.dao.PersistenceExceptionTranslationAutoConfiguration.persistenceExceptionTranslationPostProcessor(PersistenceExceptionTranslationAutoConfiguration.java:47)
	at sun.reflect.NativeMethodAccessorImpl.invoke0(Native Method)
	at sun.reflect.NativeMethodAccessorImpl.invoke(NativeMethodAccessorImpl.java:62)
	at sun.reflect.DelegatingMethodAccessorImpl.invoke(DelegatingMethodAccessorImpl.java:43)
	at java.lang.reflect.Method.invoke(Method.java:498)
	at org.springframework.beans.factory.support.SimpleInstantiationStrategy.instantiate(SimpleInstantiationStrategy.java:154)
	... 19 more
2018-06-12 09:51:17 INFO  GovnoSoftApplication:50 - Starting GovnoSoftApplication on EX_MASHINA with PID 6892 (started by Dmitry in F:\ProjectJava\MY tries\GovnoSoft)
2018-06-12 09:51:17 INFO  GovnoSoftApplication:659 - No active profile set, falling back to default profiles: default
2018-06-12 09:51:17 INFO  AnnotationConfigServletWebServerApplicationContext:590 - Refreshing org.springframework.boot.web.servlet.context.AnnotationConfigServletWebServerApplicationContext@770c2e6b: startup date [Tue Jun 12 09:51:17 MSK 2018]; root of context hierarchy
2018-06-12 09:51:18 WARN  AnnotationConfigServletWebServerApplicationContext:558 - Exception encountered during context initialization - cancelling refresh attempt: org.springframework.beans.factory.BeanCreationException: Error creating bean with name 'persistenceExceptionTranslationPostProcessor' defined in class path resource [org/springframework/boot/autoconfigure/dao/PersistenceExceptionTranslationAutoConfiguration.class]: Bean instantiation via factory method failed; nested exception is org.springframework.beans.BeanInstantiationException: Failed to instantiate [org.springframework.dao.annotation.PersistenceExceptionTranslationPostProcessor]: Factory method 'persistenceExceptionTranslationPostProcessor' threw exception; nested exception is java.lang.NoSuchMethodError: org.springframework.dao.annotation.PersistenceExceptionTranslationPostProcessor.setProxyTargetClass(Z)V
2018-06-12 09:51:18 INFO  ConditionEvaluationReportLoggingListener:101 - 

Error starting ApplicationContext. To display the conditions report re-run your application with 'debug' enabled.
2018-06-12 09:51:18 ERROR SpringApplication:842 - Application run failed
org.springframework.beans.factory.BeanCreationException: Error creating bean with name 'persistenceExceptionTranslationPostProcessor' defined in class path resource [org/springframework/boot/autoconfigure/dao/PersistenceExceptionTranslationAutoConfiguration.class]: Bean instantiation via factory method failed; nested exception is org.springframework.beans.BeanInstantiationException: Failed to instantiate [org.springframework.dao.annotation.PersistenceExceptionTranslationPostProcessor]: Factory method 'persistenceExceptionTranslationPostProcessor' threw exception; nested exception is java.lang.NoSuchMethodError: org.springframework.dao.annotation.PersistenceExceptionTranslationPostProcessor.setProxyTargetClass(Z)V
	at org.springframework.beans.factory.support.ConstructorResolver.instantiateUsingFactoryMethod(ConstructorResolver.java:587)
	at org.springframework.beans.factory.support.AbstractAutowireCapableBeanFactory.instantiateUsingFactoryMethod(AbstractAutowireCapableBeanFactory.java:1254)
	at org.springframework.beans.factory.support.AbstractAutowireCapableBeanFactory.createBeanInstance(AbstractAutowireCapableBeanFactory.java:1103)
	at org.springframework.beans.factory.support.AbstractAutowireCapableBeanFactory.doCreateBean(AbstractAutowireCapableBeanFactory.java:541)
	at org.springframework.beans.factory.support.AbstractAutowireCapableBeanFactory.createBean(AbstractAutowireCapableBeanFactory.java:501)
	at org.springframework.beans.factory.support.AbstractBeanFactory.lambda$doGetBean$0(AbstractBeanFactory.java:317)
	at org.springframework.beans.factory.support.DefaultSingletonBeanRegistry.getSingleton(DefaultSingletonBeanRegistry.java:228)
	at org.springframework.beans.factory.support.AbstractBeanFactory.doGetBean(AbstractBeanFactory.java:315)
	at org.springframework.beans.factory.support.AbstractBeanFactory.getBean(AbstractBeanFactory.java:204)
	at org.springframework.context.support.PostProcessorRegistrationDelegate.registerBeanPostProcessors(PostProcessorRegistrationDelegate.java:226)
	at org.springframework.context.support.AbstractApplicationContext.registerBeanPostProcessors(AbstractApplicationContext.java:710)
	at org.springframework.context.support.AbstractApplicationContext.refresh(AbstractApplicationContext.java:535)
	at org.springframework.boot.web.servlet.context.ServletWebServerApplicationContext.refresh(ServletWebServerApplicationContext.java:140)
	at org.springframework.boot.SpringApplication.refresh(SpringApplication.java:759)
	at org.springframework.boot.SpringApplication.refreshContext(SpringApplication.java:395)
	at org.springframework.boot.SpringApplication.run(SpringApplication.java:327)
	at org.springframework.boot.SpringApplication.run(SpringApplication.java:1255)
	at org.springframework.boot.SpringApplication.run(SpringApplication.java:1243)
	at com.Dismas.GovnoSoft.GovnoSoftApplication.main(GovnoSoftApplication.java:10)
Caused by: org.springframework.beans.BeanInstantiationException: Failed to instantiate [org.springframework.dao.annotation.PersistenceExceptionTranslationPostProcessor]: Factory method 'persistenceExceptionTranslationPostProcessor' threw exception; nested exception is java.lang.NoSuchMethodError: org.springframework.dao.annotation.PersistenceExceptionTranslationPostProcessor.setProxyTargetClass(Z)V
	at org.springframework.beans.factory.support.SimpleInstantiationStrategy.instantiate(SimpleInstantiationStrategy.java:185)
	at org.springframework.beans.factory.support.ConstructorResolver.instantiateUsingFactoryMethod(ConstructorResolver.java:579)
	... 18 more
Caused by: java.lang.NoSuchMethodError: org.springframework.dao.annotation.PersistenceExceptionTranslationPostProcessor.setProxyTargetClass(Z)V
	at org.springframework.boot.autoconfigure.dao.PersistenceExceptionTranslationAutoConfiguration.persistenceExceptionTranslationPostProcessor(PersistenceExceptionTranslationAutoConfiguration.java:47)
	at sun.reflect.NativeMethodAccessorImpl.invoke0(Native Method)
	at sun.reflect.NativeMethodAccessorImpl.invoke(NativeMethodAccessorImpl.java:62)
	at sun.reflect.DelegatingMethodAccessorImpl.invoke(DelegatingMethodAccessorImpl.java:43)
	at java.lang.reflect.Method.invoke(Method.java:498)
	at org.springframework.beans.factory.support.SimpleInstantiationStrategy.instantiate(SimpleInstantiationStrategy.java:154)
	... 19 more
2018-06-12 09:57:13 INFO  GovnoSoftApplication:50 - Starting GovnoSoftApplication on EX_MASHINA with PID 7576 (started by Dmitry in F:\ProjectJava\MY tries\GovnoSoft)
2018-06-12 09:57:13 INFO  GovnoSoftApplication:659 - No active profile set, falling back to default profiles: default
2018-06-12 09:57:13 INFO  AnnotationConfigServletWebServerApplicationContext:590 - Refreshing org.springframework.boot.web.servlet.context.AnnotationConfigServletWebServerApplicationContext@2b4a2ec7: startup date [Tue Jun 12 09:57:13 MSK 2018]; root of context hierarchy
2018-06-12 09:57:14 WARN  AnnotationConfigServletWebServerApplicationContext:558 - Exception encountered during context initialization - cancelling refresh attempt: org.springframework.beans.factory.BeanCreationException: Error creating bean with name 'persistenceExceptionTranslationPostProcessor' defined in class path resource [org/springframework/boot/autoconfigure/dao/PersistenceExceptionTranslationAutoConfiguration.class]: Bean instantiation via factory method failed; nested exception is org.springframework.beans.BeanInstantiationException: Failed to instantiate [org.springframework.dao.annotation.PersistenceExceptionTranslationPostProcessor]: Factory method 'persistenceExceptionTranslationPostProcessor' threw exception; nested exception is java.lang.NoSuchMethodError: org.springframework.dao.annotation.PersistenceExceptionTranslationPostProcessor.setProxyTargetClass(Z)V
2018-06-12 09:57:14 INFO  ConditionEvaluationReportLoggingListener:101 - 

Error starting ApplicationContext. To display the conditions report re-run your application with 'debug' enabled.
2018-06-12 09:57:14 ERROR SpringApplication:842 - Application run failed
org.springframework.beans.factory.BeanCreationException: Error creating bean with name 'persistenceExceptionTranslationPostProcessor' defined in class path resource [org/springframework/boot/autoconfigure/dao/PersistenceExceptionTranslationAutoConfiguration.class]: Bean instantiation via factory method failed; nested exception is org.springframework.beans.BeanInstantiationException: Failed to instantiate [org.springframework.dao.annotation.PersistenceExceptionTranslationPostProcessor]: Factory method 'persistenceExceptionTranslationPostProcessor' threw exception; nested exception is java.lang.NoSuchMethodError: org.springframework.dao.annotation.PersistenceExceptionTranslationPostProcessor.setProxyTargetClass(Z)V
	at org.springframework.beans.factory.support.ConstructorResolver.instantiateUsingFactoryMethod(ConstructorResolver.java:587)
	at org.springframework.beans.factory.support.AbstractAutowireCapableBeanFactory.instantiateUsingFactoryMethod(AbstractAutowireCapableBeanFactory.java:1254)
	at org.springframework.beans.factory.support.AbstractAutowireCapableBeanFactory.createBeanInstance(AbstractAutowireCapableBeanFactory.java:1103)
	at org.springframework.beans.factory.support.AbstractAutowireCapableBeanFactory.doCreateBean(AbstractAutowireCapableBeanFactory.java:541)
	at org.springframework.beans.factory.support.AbstractAutowireCapableBeanFactory.createBean(AbstractAutowireCapableBeanFactory.java:501)
	at org.springframework.beans.factory.support.AbstractBeanFactory.lambda$doGetBean$0(AbstractBeanFactory.java:317)
	at org.springframework.beans.factory.support.DefaultSingletonBeanRegistry.getSingleton(DefaultSingletonBeanRegistry.java:228)
	at org.springframework.beans.factory.support.AbstractBeanFactory.doGetBean(AbstractBeanFactory.java:315)
	at org.springframework.beans.factory.support.AbstractBeanFactory.getBean(AbstractBeanFactory.java:204)
	at org.springframework.context.support.PostProcessorRegistrationDelegate.registerBeanPostProcessors(PostProcessorRegistrationDelegate.java:226)
	at org.springframework.context.support.AbstractApplicationContext.registerBeanPostProcessors(AbstractApplicationContext.java:710)
	at org.springframework.context.support.AbstractApplicationContext.refresh(AbstractApplicationContext.java:535)
	at org.springframework.boot.web.servlet.context.ServletWebServerApplicationContext.refresh(ServletWebServerApplicationContext.java:140)
	at org.springframework.boot.SpringApplication.refresh(SpringApplication.java:759)
	at org.springframework.boot.SpringApplication.refreshContext(SpringApplication.java:395)
	at org.springframework.boot.SpringApplication.run(SpringApplication.java:327)
	at org.springframework.boot.SpringApplication.run(SpringApplication.java:1255)
	at org.springframework.boot.SpringApplication.run(SpringApplication.java:1243)
	at com.Dismas.GovnoSoft.GovnoSoftApplication.main(GovnoSoftApplication.java:10)
Caused by: org.springframework.beans.BeanInstantiationException: Failed to instantiate [org.springframework.dao.annotation.PersistenceExceptionTranslationPostProcessor]: Factory method 'persistenceExceptionTranslationPostProcessor' threw exception; nested exception is java.lang.NoSuchMethodError: org.springframework.dao.annotation.PersistenceExceptionTranslationPostProcessor.setProxyTargetClass(Z)V
	at org.springframework.beans.factory.support.SimpleInstantiationStrategy.instantiate(SimpleInstantiationStrategy.java:185)
	at org.springframework.beans.factory.support.ConstructorResolver.instantiateUsingFactoryMethod(ConstructorResolver.java:579)
	... 18 more
Caused by: java.lang.NoSuchMethodError: org.springframework.dao.annotation.PersistenceExceptionTranslationPostProcessor.setProxyTargetClass(Z)V
	at org.springframework.boot.autoconfigure.dao.PersistenceExceptionTranslationAutoConfiguration.persistenceExceptionTranslationPostProcessor(PersistenceExceptionTranslationAutoConfiguration.java:47)
	at sun.reflect.NativeMethodAccessorImpl.invoke0(Native Method)
	at sun.reflect.NativeMethodAccessorImpl.invoke(NativeMethodAccessorImpl.java:62)
	at sun.reflect.DelegatingMethodAccessorImpl.invoke(DelegatingMethodAccessorImpl.java:43)
	at java.lang.reflect.Method.invoke(Method.java:498)
	at org.springframework.beans.factory.support.SimpleInstantiationStrategy.instantiate(SimpleInstantiationStrategy.java:154)
	... 19 more
2018-06-12 10:02:03 INFO  GovnoSoftApplication:50 - Starting GovnoSoftApplication on EX_MASHINA with PID 408 (started by Dmitry in F:\ProjectJava\MY tries\GovnoSoft)
2018-06-12 10:02:03 INFO  GovnoSoftApplication:659 - No active profile set, falling back to default profiles: default
2018-06-12 10:02:03 INFO  AnnotationConfigServletWebServerApplicationContext:590 - Refreshing org.springframework.boot.web.servlet.context.AnnotationConfigServletWebServerApplicationContext@2b4a2ec7: startup date [Tue Jun 12 10:02:03 MSK 2018]; root of context hierarchy
2018-06-12 10:02:04 WARN  AnnotationConfigServletWebServerApplicationContext:558 - Exception encountered during context initialization - cancelling refresh attempt: org.springframework.beans.factory.BeanCreationException: Error creating bean with name 'persistenceExceptionTranslationPostProcessor' defined in class path resource [org/springframework/boot/autoconfigure/dao/PersistenceExceptionTranslationAutoConfiguration.class]: Bean instantiation via factory method failed; nested exception is org.springframework.beans.BeanInstantiationException: Failed to instantiate [org.springframework.dao.annotation.PersistenceExceptionTranslationPostProcessor]: Factory method 'persistenceExceptionTranslationPostProcessor' threw exception; nested exception is java.lang.NoSuchMethodError: org.springframework.dao.annotation.PersistenceExceptionTranslationPostProcessor.setProxyTargetClass(Z)V
2018-06-12 10:02:04 INFO  ConditionEvaluationReportLoggingListener:101 - 

Error starting ApplicationContext. To display the conditions report re-run your application with 'debug' enabled.
2018-06-12 10:02:04 ERROR SpringApplication:842 - Application run failed
org.springframework.beans.factory.BeanCreationException: Error creating bean with name 'persistenceExceptionTranslationPostProcessor' defined in class path resource [org/springframework/boot/autoconfigure/dao/PersistenceExceptionTranslationAutoConfiguration.class]: Bean instantiation via factory method failed; nested exception is org.springframework.beans.BeanInstantiationException: Failed to instantiate [org.springframework.dao.annotation.PersistenceExceptionTranslationPostProcessor]: Factory method 'persistenceExceptionTranslationPostProcessor' threw exception; nested exception is java.lang.NoSuchMethodError: org.springframework.dao.annotation.PersistenceExceptionTranslationPostProcessor.setProxyTargetClass(Z)V
	at org.springframework.beans.factory.support.ConstructorResolver.instantiateUsingFactoryMethod(ConstructorResolver.java:587)
	at org.springframework.beans.factory.support.AbstractAutowireCapableBeanFactory.instantiateUsingFactoryMethod(AbstractAutowireCapableBeanFactory.java:1254)
	at org.springframework.beans.factory.support.AbstractAutowireCapableBeanFactory.createBeanInstance(AbstractAutowireCapableBeanFactory.java:1103)
	at org.springframework.beans.factory.support.AbstractAutowireCapableBeanFactory.doCreateBean(AbstractAutowireCapableBeanFactory.java:541)
	at org.springframework.beans.factory.support.AbstractAutowireCapableBeanFactory.createBean(AbstractAutowireCapableBeanFactory.java:501)
	at org.springframework.beans.factory.support.AbstractBeanFactory.lambda$doGetBean$0(AbstractBeanFactory.java:317)
	at org.springframework.beans.factory.support.DefaultSingletonBeanRegistry.getSingleton(DefaultSingletonBeanRegistry.java:228)
	at org.springframework.beans.factory.support.AbstractBeanFactory.doGetBean(AbstractBeanFactory.java:315)
	at org.springframework.beans.factory.support.AbstractBeanFactory.getBean(AbstractBeanFactory.java:204)
	at org.springframework.context.support.PostProcessorRegistrationDelegate.registerBeanPostProcessors(PostProcessorRegistrationDelegate.java:226)
	at org.springframework.context.support.AbstractApplicationContext.registerBeanPostProcessors(AbstractApplicationContext.java:710)
	at org.springframework.context.support.AbstractApplicationContext.refresh(AbstractApplicationContext.java:535)
	at org.springframework.boot.web.servlet.context.ServletWebServerApplicationContext.refresh(ServletWebServerApplicationContext.java:140)
	at org.springframework.boot.SpringApplication.refresh(SpringApplication.java:759)
	at org.springframework.boot.SpringApplication.refreshContext(SpringApplication.java:395)
	at org.springframework.boot.SpringApplication.run(SpringApplication.java:327)
	at org.springframework.boot.SpringApplication.run(SpringApplication.java:1255)
	at org.springframework.boot.SpringApplication.run(SpringApplication.java:1243)
	at com.Dismas.GovnoSoft.GovnoSoftApplication.main(GovnoSoftApplication.java:10)
Caused by: org.springframework.beans.BeanInstantiationException: Failed to instantiate [org.springframework.dao.annotation.PersistenceExceptionTranslationPostProcessor]: Factory method 'persistenceExceptionTranslationPostProcessor' threw exception; nested exception is java.lang.NoSuchMethodError: org.springframework.dao.annotation.PersistenceExceptionTranslationPostProcessor.setProxyTargetClass(Z)V
	at org.springframework.beans.factory.support.SimpleInstantiationStrategy.instantiate(SimpleInstantiationStrategy.java:185)
	at org.springframework.beans.factory.support.ConstructorResolver.instantiateUsingFactoryMethod(ConstructorResolver.java:579)
	... 18 more
Caused by: java.lang.NoSuchMethodError: org.springframework.dao.annotation.PersistenceExceptionTranslationPostProcessor.setProxyTargetClass(Z)V
	at org.springframework.boot.autoconfigure.dao.PersistenceExceptionTranslationAutoConfiguration.persistenceExceptionTranslationPostProcessor(PersistenceExceptionTranslationAutoConfiguration.java:47)
	at sun.reflect.NativeMethodAccessorImpl.invoke0(Native Method)
	at sun.reflect.NativeMethodAccessorImpl.invoke(NativeMethodAccessorImpl.java:62)
	at sun.reflect.DelegatingMethodAccessorImpl.invoke(DelegatingMethodAccessorImpl.java:43)
	at java.lang.reflect.Method.invoke(Method.java:498)
	at org.springframework.beans.factory.support.SimpleInstantiationStrategy.instantiate(SimpleInstantiationStrategy.java:154)
	... 19 more
2018-06-12 10:04:21 INFO  GovnoSoftApplication:50 - Starting GovnoSoftApplication on EX_MASHINA with PID 8436 (started by Dmitry in F:\ProjectJava\MY tries\GovnoSoft)
2018-06-12 10:04:21 INFO  GovnoSoftApplication:659 - No active profile set, falling back to default profiles: default
2018-06-12 10:04:21 INFO  AnnotationConfigServletWebServerApplicationContext:590 - Refreshing org.springframework.boot.web.servlet.context.AnnotationConfigServletWebServerApplicationContext@c8e4bb0: startup date [Tue Jun 12 10:04:21 MSK 2018]; root of context hierarchy
2018-06-12 10:04:22 WARN  AnnotationConfigServletWebServerApplicationContext:558 - Exception encountered during context initialization - cancelling refresh attempt: org.springframework.beans.factory.BeanCreationException: Error creating bean with name 'persistenceExceptionTranslationPostProcessor' defined in class path resource [org/springframework/boot/autoconfigure/dao/PersistenceExceptionTranslationAutoConfiguration.class]: Bean instantiation via factory method failed; nested exception is org.springframework.beans.BeanInstantiationException: Failed to instantiate [org.springframework.dao.annotation.PersistenceExceptionTranslationPostProcessor]: Factory method 'persistenceExceptionTranslationPostProcessor' threw exception; nested exception is java.lang.NoSuchMethodError: org.springframework.dao.annotation.PersistenceExceptionTranslationPostProcessor.setProxyTargetClass(Z)V
2018-06-12 10:04:22 INFO  ConditionEvaluationReportLoggingListener:101 - 

Error starting ApplicationContext. To display the conditions report re-run your application with 'debug' enabled.
2018-06-12 10:04:22 ERROR SpringApplication:842 - Application run failed
org.springframework.beans.factory.BeanCreationException: Error creating bean with name 'persistenceExceptionTranslationPostProcessor' defined in class path resource [org/springframework/boot/autoconfigure/dao/PersistenceExceptionTranslationAutoConfiguration.class]: Bean instantiation via factory method failed; nested exception is org.springframework.beans.BeanInstantiationException: Failed to instantiate [org.springframework.dao.annotation.PersistenceExceptionTranslationPostProcessor]: Factory method 'persistenceExceptionTranslationPostProcessor' threw exception; nested exception is java.lang.NoSuchMethodError: org.springframework.dao.annotation.PersistenceExceptionTranslationPostProcessor.setProxyTargetClass(Z)V
	at org.springframework.beans.factory.support.ConstructorResolver.instantiateUsingFactoryMethod(ConstructorResolver.java:587)
	at org.springframework.beans.factory.support.AbstractAutowireCapableBeanFactory.instantiateUsingFactoryMethod(AbstractAutowireCapableBeanFactory.java:1254)
	at org.springframework.beans.factory.support.AbstractAutowireCapableBeanFactory.createBeanInstance(AbstractAutowireCapableBeanFactory.java:1103)
	at org.springframework.beans.factory.support.AbstractAutowireCapableBeanFactory.doCreateBean(AbstractAutowireCapableBeanFactory.java:541)
	at org.springframework.beans.factory.support.AbstractAutowireCapableBeanFactory.createBean(AbstractAutowireCapableBeanFactory.java:501)
	at org.springframework.beans.factory.support.AbstractBeanFactory.lambda$doGetBean$0(AbstractBeanFactory.java:317)
	at org.springframework.beans.factory.support.DefaultSingletonBeanRegistry.getSingleton(DefaultSingletonBeanRegistry.java:228)
	at org.springframework.beans.factory.support.AbstractBeanFactory.doGetBean(AbstractBeanFactory.java:315)
	at org.springframework.beans.factory.support.AbstractBeanFactory.getBean(AbstractBeanFactory.java:204)
	at org.springframework.context.support.PostProcessorRegistrationDelegate.registerBeanPostProcessors(PostProcessorRegistrationDelegate.java:226)
	at org.springframework.context.support.AbstractApplicationContext.registerBeanPostProcessors(AbstractApplicationContext.java:710)
	at org.springframework.context.support.AbstractApplicationContext.refresh(AbstractApplicationContext.java:535)
	at org.springframework.boot.web.servlet.context.ServletWebServerApplicationContext.refresh(ServletWebServerApplicationContext.java:140)
	at org.springframework.boot.SpringApplication.refresh(SpringApplication.java:759)
	at org.springframework.boot.SpringApplication.refreshContext(SpringApplication.java:395)
	at org.springframework.boot.SpringApplication.run(SpringApplication.java:327)
	at org.springframework.boot.SpringApplication.run(SpringApplication.java:1255)
	at org.springframework.boot.SpringApplication.run(SpringApplication.java:1243)
	at com.Dismas.GovnoSoft.GovnoSoftApplication.main(GovnoSoftApplication.java:10)
Caused by: org.springframework.beans.BeanInstantiationException: Failed to instantiate [org.springframework.dao.annotation.PersistenceExceptionTranslationPostProcessor]: Factory method 'persistenceExceptionTranslationPostProcessor' threw exception; nested exception is java.lang.NoSuchMethodError: org.springframework.dao.annotation.PersistenceExceptionTranslationPostProcessor.setProxyTargetClass(Z)V
	at org.springframework.beans.factory.support.SimpleInstantiationStrategy.instantiate(SimpleInstantiationStrategy.java:185)
	at org.springframework.beans.factory.support.ConstructorResolver.instantiateUsingFactoryMethod(ConstructorResolver.java:579)
	... 18 more
Caused by: java.lang.NoSuchMethodError: org.springframework.dao.annotation.PersistenceExceptionTranslationPostProcessor.setProxyTargetClass(Z)V
	at org.springframework.boot.autoconfigure.dao.PersistenceExceptionTranslationAutoConfiguration.persistenceExceptionTranslationPostProcessor(PersistenceExceptionTranslationAutoConfiguration.java:47)
	at sun.reflect.NativeMethodAccessorImpl.invoke0(Native Method)
	at sun.reflect.NativeMethodAccessorImpl.invoke(NativeMethodAccessorImpl.java:62)
	at sun.reflect.DelegatingMethodAccessorImpl.invoke(DelegatingMethodAccessorImpl.java:43)
	at java.lang.reflect.Method.invoke(Method.java:498)
	at org.springframework.beans.factory.support.SimpleInstantiationStrategy.instantiate(SimpleInstantiationStrategy.java:154)
	... 19 more
